e:\local repositories\sift_snow\sift_robhess\sift_robhess\debug\vc120.pdb
e:\local repositories\sift_snow\sift_robhess\sift_robhess\debug\vc120.idb
e:\local repositories\sift_snow\sift_robhess\sift_robhess\debug\getpsnr.obj
e:\local repositories\sift_snow\sift_robhess\sift_robhess\debug\getopt.obj
e:\local repositories\sift_snow\sift_robhess\sift_robhess\debug\imgfeatures.obj
e:\local repositories\sift_snow\sift_robhess\sift_robhess\debug\kdtree.obj
e:\local repositories\sift_snow\sift_robhess\sift_robhess\debug\minpq.obj
e:\local repositories\sift_snow\sift_robhess\sift_robhess\debug\sift.obj
e:\local repositories\sift_snow\sift_robhess\sift_robhess\debug\utils.obj
e:\local repositories\sift_snow\sift_robhess\sift_robhess\debug\xform.obj
e:\local repositories\sift_snow\sift_robhess\sift_robhess\debug\match.obj
e:\local repositories\sift_snow\sift_robhess\debug\sift_robhess.ilk
e:\local repositories\sift_snow\sift_robhess\debug\sift_robhess.exe
e:\local repositories\sift_snow\sift_robhess\debug\sift_robhess.pdb
e:\local repositories\sift_snow\sift_robhess\sift_robhess\debug\sift_robhess.tlog\cl.command.1.tlog
e:\local repositories\sift_snow\sift_robhess\sift_robhess\debug\sift_robhess.tlog\cl.read.1.tlog
e:\local repositories\sift_snow\sift_robhess\sift_robhess\debug\sift_robhess.tlog\cl.write.1.tlog
e:\local repositories\sift_snow\sift_robhess\sift_robhess\debug\sift_robhess.tlog\link.command.1.tlog
e:\local repositories\sift_snow\sift_robhess\sift_robhess\debug\sift_robhess.tlog\link.read.1.tlog
e:\local repositories\sift_snow\sift_robhess\sift_robhess\debug\sift_robhess.tlog\link.write.1.tlog
